#! /usr/share/iverilog-0.9.7/bin/vvp
:ivl_version "0.9.7 " "(v0_9_6)";
:vpi_time_precision - 12;
:vpi_module "system";
:vpi_module "v2005_math";
:vpi_module "va_math";
S_0x14908d0 .scope module, "i2c_tb" "i2c_tb" 2 4;
 .timescale -9 -12;
v0x14e1af0_0 .net "clk", 0 0, v0x14e1340_0; 1 drivers
v0x14e1b70_0 .net "i2c_addr1", 6 0, v0x14e13c0_0; 1 drivers
v0x14e1c40_0 .net "i2c_addr2", 6 0, v0x14e1440_0; 1 drivers
v0x14e1d10_0 .net "rd_data", 15 0, v0x14e0780_0; 1 drivers
v0x14e1d90_0 .net "reset", 0 0, v0x14e1540_0; 1 drivers
v0x14e1e10_0 .net "rnw", 0 0, v0x14e15c0_0; 1 drivers
v0x14e1ee0_0 .net "scl", 0 0, L_0x14e2690; 1 drivers
v0x14e1f60_0 .net "sda_in", 0 0, L_0x14e3280; 1 drivers
v0x14e2030_0 .net "sda_oe", 0 0, v0x14e0c10_0; 1 drivers
v0x14e20b0_0 .net "sda_out", 0 0, L_0x14e2bc0; 1 drivers
v0x14e2130_0 .net "start_stb", 0 0, v0x14e1930_0; 1 drivers
v0x14e21b0_0 .net "wr_data", 15 0, v0x14df200_0; 1 drivers
S_0x1483170 .scope module, "probador" "i2c_probador" 2 30, 3 5, S_0x14908d0;
 .timescale -9 -12;
v0x14e12c0_0 .var *"_s0", 0 0; Local signal
v0x14e1340_0 .var "clk", 0 0;
v0x14e13c0_0 .var "i2c_addr1", 6 0;
v0x14e1440_0 .var "i2c_addr2", 6 0;
v0x14e14c0_0 .alias "rd_data", 15 0, v0x14e1d10_0;
v0x14e1540_0 .var "reset", 0 0;
v0x14e15c0_0 .var "rnw", 0 0;
v0x14e1640_0 .alias "scl", 0 0, v0x14e1ee0_0;
v0x14e16c0_0 .alias "sda_in", 0 0, v0x14e1f60_0;
v0x14e1790_0 .alias "sda_oe", 0 0, v0x14e2030_0;
v0x14e1860_0 .alias "sda_out", 0 0, v0x14e20b0_0;
v0x14e1930_0 .var "start_stb", 0 0;
v0x14e1a20_0 .alias "wr_data", 15 0, v0x14e21b0_0;
S_0x14df540 .scope module, "master" "i2c_generador" 3 26, 4 2, S_0x1483170;
 .timescale -9 -12;
P_0x14df638 .param/l "ADDRESS" 4 21, +C4<010>;
P_0x14df660 .param/l "DIVIDE_BY" 4 30, +C4<0100>;
P_0x14df688 .param/l "IDLE" 4 19, +C4<0>;
P_0x14df6b0 .param/l "READ_ACK" 4 22, +C4<011>;
P_0x14df6d8 .param/l "READ_ACK2" 4 26, +C4<0111>;
P_0x14df700 .param/l "READ_DATA" 4 25, +C4<0110>;
P_0x14df728 .param/l "START" 4 20, +C4<01>;
P_0x14df750 .param/l "STOP" 4 28, +C4<01001>;
P_0x14df778 .param/l "WRITE_ACK" 4 24, +C4<0101>;
P_0x14df7a0 .param/l "WRITE_ACK2" 4 27, +C4<01000>;
P_0x14df7c8 .param/l "WRITE_DATA" 4 23, +C4<0100>;
v0x14dfc20_0 .net *"_s10", 0 0, L_0x14e2510; 1 drivers
v0x14dfce0_0 .net *"_s12", 0 0, C4<1>; 1 drivers
v0x14dfd80_0 .net *"_s16", 2 0, L_0x14e2810; 1 drivers
v0x14dfe20_0 .net *"_s19", 1 0, C4<00>; 1 drivers
v0x14dfed0_0 .net *"_s20", 2 0, C4<001>; 1 drivers
v0x14dff70_0 .net *"_s22", 0 0, L_0x14e2a00; 1 drivers
v0x14e0050_0 .net *"_s24", 0 0, C4<0>; 1 drivers
v0x14e00f0_0 .net *"_s4", 1 0, L_0x14e2470; 1 drivers
v0x14e0190_0 .net *"_s7", 0 0, C4<0>; 1 drivers
v0x14e0230_0 .net *"_s8", 1 0, C4<00>; 1 drivers
v0x14e02d0_0 .var "byte_counter", 0 0;
v0x14e0370_0 .alias "clk", 0 0, v0x14e1af0_0;
v0x14e03f0_0 .var "counter", 7 0;
v0x14e0470_0 .var "counter2", 7 0;
v0x14e0590_0 .var "data_in", 7 0;
v0x14e0630_0 .alias "i2c_addr1", 6 0, v0x14e1b70_0;
v0x14e04f0_0 .var "i2c_clk", 0 0;
v0x14e0780_0 .var "rd_data", 15 0;
v0x14e08a0_0 .var "rd_data_slave_to_master", 15 0;
v0x14e0920_0 .alias "reset", 0 0, v0x14e1d90_0;
v0x14e0800_0 .alias "rnw", 0 0, v0x14e1e10_0;
v0x14e0a50_0 .var "saved_i2c_addr", 7 0;
v0x14e09a0_0 .alias "scl", 0 0, v0x14e1ee0_0;
v0x14e0b90_0 .var "scl_enable", 0 0;
v0x14e0ad0_0 .alias "sda_in", 0 0, v0x14e1f60_0;
v0x14e0ce0_0 .var "sda_o", 0 0;
v0x14e0c10_0 .var "sda_oe", 0 0;
v0x14e0e40_0 .alias "sda_out", 0 0, v0x14e20b0_0;
v0x14e0d60_0 .alias "start_stb", 0 0, v0x14e2130_0;
v0x14e0fb0_0 .var "state", 7 0;
v0x14e0ec0_0 .alias "wr_data", 15 0, v0x14e21b0_0;
v0x14e1130_0 .net "wr_data1", 7 0, L_0x14e22a0; 1 drivers
v0x14e1030_0 .net "wr_data2", 7 0, L_0x14e23d0; 1 drivers
E_0x14de5a0 .event negedge, v0x14dedf0_0, v0x14e04f0_0;
E_0x14dfb80/0 .event negedge, v0x14dedf0_0;
E_0x14dfb80/1 .event posedge, v0x14e04f0_0;
E_0x14dfb80 .event/or E_0x14dfb80/0, E_0x14dfb80/1;
E_0x14dfbd0 .event posedge, v0x14de7f0_0;
L_0x14e22a0 .part v0x14df200_0, 0, 8;
L_0x14e23d0 .part v0x14df200_0, 8, 8;
L_0x14e2470 .concat [ 1 1 0 0], v0x14e0b90_0, C4<0>;
L_0x14e2510 .cmp/eq 2, L_0x14e2470, C4<00>;
L_0x14e2690 .functor MUXZ 1, v0x14e04f0_0, C4<1>, L_0x14e2510, C4<>;
L_0x14e2810 .concat [ 1 2 0 0], v0x14e0c10_0, C4<00>;
L_0x14e2a00 .cmp/eq 3, L_0x14e2810, C4<001>;
L_0x14e2bc0 .functor MUXZ 1, C4<0>, v0x14e0ce0_0, L_0x14e2a00, C4<>;
S_0x1481d80 .scope module, "slave" "i2c_receptor" 3 40, 5 2, S_0x1483170;
 .timescale -9 -12;
P_0x1485db8 .param/l "READ_ACK" 5 21, +C4<0101>;
P_0x1485de0 .param/l "READ_ACK2" 5 22, +C4<0110>;
P_0x1485e08 .param/l "READ_ADDR" 5 16, +C4<0>;
P_0x1485e30 .param/l "READ_DATA" 5 18, +C4<010>;
P_0x1485e58 .param/l "SEND_ACK" 5 17, +C4<01>;
P_0x1485e80 .param/l "SEND_ACK2" 5 20, +C4<0100>;
P_0x1485ea8 .param/l "WRITE_DATA" 5 19, +C4<011>;
v0x1484370_0 .net *"_s10", 0 0, L_0x14e3110; 1 drivers
v0x14de3e0_0 .net *"_s12", 0 0, C4<0>; 1 drivers
v0x14de480_0 .net *"_s4", 1 0, L_0x14e2f60; 1 drivers
v0x14de520_0 .net *"_s7", 0 0, C4<0>; 1 drivers
v0x14de5d0_0 .net *"_s8", 1 0, C4<00>; 1 drivers
v0x14de670_0 .var "addr", 7 0;
v0x14de750_0 .var "byte_counter", 0 0;
v0x14de7f0_0 .alias "clk", 0 0, v0x14e1af0_0;
v0x14de8e0_0 .var "counter", 7 0;
v0x14de980_0 .var "data_in", 7 0;
v0x14dea80_0 .alias "i2c_addr2", 6 0, v0x14e1c40_0;
v0x14deb20_0 .alias "rd_data", 15 0, v0x14e1d10_0;
v0x14dec30_0 .net "rd_data1", 7 0, L_0x14e2d90; 1 drivers
v0x14decd0_0 .net "rd_data2", 7 0, L_0x14e2ec0; 1 drivers
v0x14dedf0_0 .alias "reset", 0 0, v0x14e1d90_0;
v0x14dee90_0 .alias "scl", 0 0, v0x14e1ee0_0;
v0x14ded50_0 .alias "sda_in", 0 0, v0x14e1f60_0;
v0x14defe0_0 .var "sda_o", 0 0;
v0x14df100_0 .alias "sda_oe", 0 0, v0x14e2030_0;
v0x14df180_0 .alias "sda_out", 0 0, v0x14e20b0_0;
v0x14df060_0 .var "start", 0 0;
v0x14df2b0_0 .var "state", 7 0;
v0x14df200_0 .var "wr_data", 15 0;
v0x14df3f0_0 .var "wr_data_master_to_slave", 15 0;
E_0x1485900 .event negedge, v0x14dee90_0;
E_0x1481ed0/0 .event negedge, v0x14dedf0_0;
E_0x1481ed0/1 .event posedge, v0x14dee90_0;
E_0x1481ed0 .event/or E_0x1481ed0/0, E_0x1481ed0/1;
E_0x1484730 .event negedge, v0x14df180_0;
E_0x1483530 .event posedge, v0x14df180_0;
L_0x14e2d90 .part v0x14e0780_0, 0, 8;
L_0x14e2ec0 .part v0x14e0780_0, 8, 8;
L_0x14e2f60 .concat [ 1 1 0 0], v0x14e0c10_0, C4<0>;
L_0x14e3110 .cmp/eq 2, L_0x14e2f60, C4<00>;
L_0x14e3280 .functor MUXZ 1, C4<0>, v0x14defe0_0, L_0x14e3110, C4<>;
    .scope S_0x14df540;
T_0 ;
    %set/v v0x14e02d0_0, 0, 1;
    %end;
    .thread T_0;
    .scope S_0x14df540;
T_1 ;
    %set/v v0x14e0b90_0, 0, 1;
    %end;
    .thread T_1;
    .scope S_0x14df540;
T_2 ;
    %set/v v0x14e04f0_0, 1, 1;
    %end;
    .thread T_2;
    .scope S_0x14df540;
T_3 ;
    %set/v v0x14e0470_0, 0, 8;
    %end;
    .thread T_3;
    .scope S_0x14df540;
T_4 ;
    %wait E_0x14dfbd0;
    %load/v 8, v0x14e0470_0, 8;
    %mov 16, 0, 1;
    %cmpi/u 8, 1, 9;
    %jmp/0xz  T_4.0, 4;
    %load/v 8, v0x14e04f0_0, 1;
    %inv 8, 1;
    %ix/load 0, 1, 0;
    %assign/v0 v0x14e04f0_0, 0, 8;
    %ix/load 0, 8, 0;
    %assign/v0 v0x14e0470_0, 0, 0;
    %jmp T_4.1;
T_4.0 ;
    %load/v 8, v0x14e0470_0, 8;
    %mov 16, 0, 24;
    %addi 8, 1, 32;
    %ix/load 0, 8, 0;
    %assign/v0 v0x14e0470_0, 0, 8;
T_4.1 ;
    %jmp T_4;
    .thread T_4;
    .scope S_0x14df540;
T_5 ;
    %wait E_0x14de5a0;
    %load/v 8, v0x14e0920_0, 1;
    %mov 9, 0, 1;
    %cmpi/u 8, 0, 2;
    %jmp/0xz  T_5.0, 4;
    %ix/load 0, 1, 0;
    %assign/v0 v0x14e0b90_0, 0, 0;
    %jmp T_5.1;
T_5.0 ;
    %load/v 8, v0x14e0fb0_0, 8;
    %mov 16, 0, 1;
    %cmpi/u 8, 0, 9;
    %mov 8, 4, 1;
    %load/v 9, v0x14e0fb0_0, 8;
    %mov 17, 0, 1;
    %cmpi/u 9, 1, 9;
    %or 8, 4, 1;
    %load/v 9, v0x14e0fb0_0, 8;
    %mov 17, 0, 1;
    %cmpi/u 9, 9, 9;
    %or 8, 4, 1;
    %jmp/0xz  T_5.2, 8;
    %ix/load 0, 1, 0;
    %assign/v0 v0x14e0b90_0, 0, 0;
    %jmp T_5.3;
T_5.2 ;
    %ix/load 0, 1, 0;
    %assign/v0 v0x14e0b90_0, 0, 1;
T_5.3 ;
T_5.1 ;
    %jmp T_5;
    .thread T_5;
    .scope S_0x14df540;
T_6 ;
    %wait E_0x14dfb80;
    %load/v 8, v0x14e0920_0, 1;
    %mov 9, 0, 1;
    %cmpi/u 8, 0, 2;
    %jmp/0xz  T_6.0, 4;
    %ix/load 0, 8, 0;
    %assign/v0 v0x14e0fb0_0, 0, 0;
    %ix/load 0, 8, 0;
    %assign/v0 v0x14e03f0_0, 0, 0;
    %ix/load 0, 8, 0;
    %assign/v0 v0x14e0470_0, 0, 0;
    %ix/load 0, 16, 0;
    %assign/v0 v0x14e0780_0, 0, 0;
    %ix/load 0, 16, 0;
    %assign/v0 v0x14e08a0_0, 0, 0;
    %ix/load 0, 1, 0;
    %assign/v0 v0x14e0ce0_0, 0, 0;
    %ix/load 0, 1, 0;
    %assign/v0 v0x14e0c10_0, 0, 0;
    %ix/load 0, 8, 0;
    %assign/v0 v0x14e0590_0, 0, 0;
    %jmp T_6.1;
T_6.0 ;
    %load/v 8, v0x14e0fb0_0, 8;
    %cmpi/u 8, 0, 8;
    %jmp/1 T_6.2, 6;
    %cmpi/u 8, 1, 8;
    %jmp/1 T_6.3, 6;
    %cmpi/u 8, 2, 8;
    %jmp/1 T_6.4, 6;
    %cmpi/u 8, 3, 8;
    %jmp/1 T_6.5, 6;
    %cmpi/u 8, 4, 8;
    %jmp/1 T_6.6, 6;
    %cmpi/u 8, 7, 8;
    %jmp/1 T_6.7, 6;
    %cmpi/u 8, 6, 8;
    %jmp/1 T_6.8, 6;
    %cmpi/u 8, 5, 8;
    %jmp/1 T_6.9, 6;
    %cmpi/u 8, 8, 8;
    %jmp/1 T_6.10, 6;
    %cmpi/u 8, 9, 8;
    %jmp/1 T_6.11, 6;
    %jmp T_6.12;
T_6.2 ;
    %movi 8, 43690, 16;
    %set/v v0x14e0780_0, 8, 16;
    %load/v 8, v0x14e0d60_0, 1;
    %jmp/0xz  T_6.13, 8;
    %ix/load 0, 1, 0;
    %assign/v0 v0x14e0ce0_0, 0, 1;
    %load/v 8, v0x14e0800_0, 1;
    %load/v 9, v0x14e0630_0, 7;
    %ix/load 0, 8, 0;
    %assign/v0 v0x14e0a50_0, 0, 8;
    %movi 8, 1, 8;
    %ix/load 0, 8, 0;
    %assign/v0 v0x14e0fb0_0, 0, 8;
    %jmp T_6.14;
T_6.13 ;
    %ix/load 0, 8, 0;
    %assign/v0 v0x14e0fb0_0, 0, 0;
T_6.14 ;
    %jmp T_6.12;
T_6.3 ;
    %movi 8, 7, 8;
    %ix/load 0, 8, 0;
    %assign/v0 v0x14e03f0_0, 0, 8;
    %movi 8, 2, 8;
    %ix/load 0, 8, 0;
    %assign/v0 v0x14e0fb0_0, 0, 8;
    %jmp T_6.12;
T_6.4 ;
    %load/v 8, v0x14e03f0_0, 8;
    %mov 16, 0, 1;
    %cmpi/u 8, 0, 9;
    %jmp/0xz  T_6.15, 4;
    %movi 8, 3, 8;
    %ix/load 0, 8, 0;
    %assign/v0 v0x14e0fb0_0, 0, 8;
    %jmp T_6.16;
T_6.15 ;
    %load/v 8, v0x14e03f0_0, 8;
    %mov 16, 0, 24;
    %subi 8, 1, 32;
    %ix/load 0, 8, 0;
    %assign/v0 v0x14e03f0_0, 0, 8;
T_6.16 ;
    %jmp T_6.12;
T_6.5 ;
    %load/v 8, v0x14e0ad0_0, 1;
    %mov 9, 0, 1;
    %cmpi/u 8, 0, 2;
    %jmp/0xz  T_6.17, 4;
    %movi 8, 7, 8;
    %ix/load 0, 8, 0;
    %assign/v0 v0x14e03f0_0, 0, 8;
    %load/v 8, v0x14e0a50_0, 1; Select 1 out of 8 bits
    %mov 9, 0, 1;
    %cmpi/u 8, 0, 2;
    %jmp/0xz  T_6.19, 4;
    %movi 8, 4, 8;
    %ix/load 0, 8, 0;
    %assign/v0 v0x14e0fb0_0, 0, 8;
    %jmp T_6.20;
T_6.19 ;
    %movi 8, 6, 8;
    %ix/load 0, 8, 0;
    %assign/v0 v0x14e0fb0_0, 0, 8;
T_6.20 ;
    %jmp T_6.18;
T_6.17 ;
    %movi 8, 9, 8;
    %ix/load 0, 8, 0;
    %assign/v0 v0x14e0fb0_0, 0, 8;
T_6.18 ;
    %jmp T_6.12;
T_6.6 ;
    %load/v 8, v0x14e02d0_0, 1;
    %mov 9, 0, 1;
    %cmpi/u 8, 0, 2;
    %mov 8, 4, 1;
    %load/v 9, v0x14e03f0_0, 8;
    %mov 17, 0, 1;
    %cmpi/u 9, 0, 9;
    %mov 9, 4, 1;
    %and 8, 9, 1;
    %jmp/0xz  T_6.21, 8;
    %movi 8, 3, 8;
    %ix/load 0, 8, 0;
    %assign/v0 v0x14e0fb0_0, 0, 8;
    %ix/load 0, 1, 0;
    %assign/v0 v0x14e02d0_0, 0, 1;
T_6.21 ;
    %load/v 8, v0x14e02d0_0, 1;
    %mov 9, 0, 2;
    %cmpi/u 8, 1, 3;
    %mov 8, 4, 1;
    %load/v 9, v0x14e03f0_0, 8;
    %mov 17, 0, 1;
    %cmpi/u 9, 0, 9;
    %mov 9, 4, 1;
    %and 8, 9, 1;
    %jmp/0xz  T_6.23, 8;
    %movi 8, 7, 8;
    %ix/load 0, 8, 0;
    %assign/v0 v0x14e0fb0_0, 0, 8;
    %ix/load 0, 1, 0;
    %assign/v0 v0x14e02d0_0, 0, 0;
    %jmp T_6.24;
T_6.23 ;
    %load/v 8, v0x14e03f0_0, 8;
    %mov 16, 0, 24;
    %subi 8, 1, 32;
    %ix/load 0, 8, 0;
    %assign/v0 v0x14e03f0_0, 0, 8;
T_6.24 ;
    %jmp T_6.12;
T_6.7 ;
    %load/v 8, v0x14e0ad0_0, 1;
    %mov 9, 0, 1;
    %cmpi/u 8, 0, 2;
    %mov 8, 4, 1;
    %load/v 9, v0x14e0d60_0, 1;
    %mov 10, 0, 2;
    %cmpi/u 9, 1, 3;
    %mov 9, 4, 1;
    %and 8, 9, 1;
    %jmp/0xz  T_6.25, 8;
    %ix/load 0, 8, 0;
    %assign/v0 v0x14e0fb0_0, 0, 0;
    %jmp T_6.26;
T_6.25 ;
    %movi 8, 9, 8;
    %ix/load 0, 8, 0;
    %assign/v0 v0x14e0fb0_0, 0, 8;
T_6.26 ;
    %jmp T_6.12;
T_6.8 ;
    %load/v 8, v0x14e0ad0_0, 1;
    %ix/getv 1, v0x14e03f0_0;
    %jmp/1 t_0, 4;
    %ix/load 0, 1, 0;
    %assign/v0/x1 v0x14e0590_0, 0, 8;
t_0 ;
    %load/v 8, v0x14e02d0_0, 1;
    %mov 9, 0, 1;
    %cmpi/u 8, 0, 2;
    %mov 8, 4, 1;
    %load/v 9, v0x14e03f0_0, 8;
    %mov 17, 0, 1;
    %cmpi/u 9, 0, 9;
    %mov 9, 4, 1;
    %and 8, 9, 1;
    %jmp/0xz  T_6.27, 8;
    %movi 8, 5, 8;
    %ix/load 0, 8, 0;
    %assign/v0 v0x14e0fb0_0, 0, 8;
    %ix/load 0, 1, 0;
    %assign/v0 v0x14e02d0_0, 0, 1;
T_6.27 ;
    %load/v 8, v0x14e02d0_0, 1;
    %mov 9, 0, 2;
    %cmpi/u 8, 1, 3;
    %mov 8, 4, 1;
    %load/v 9, v0x14e03f0_0, 8;
    %mov 17, 0, 1;
    %cmpi/u 9, 0, 9;
    %mov 9, 4, 1;
    %and 8, 9, 1;
    %jmp/0xz  T_6.29, 8;
    %load/v 8, v0x14e0590_0, 8;
    %ix/load 0, 0, 0;
    %set/x0 v0x14e08a0_0, 8, 8;
    %movi 8, 8, 8;
    %ix/load 0, 8, 0;
    %assign/v0 v0x14e0fb0_0, 0, 8;
    %ix/load 0, 1, 0;
    %assign/v0 v0x14e02d0_0, 0, 0;
    %jmp T_6.30;
T_6.29 ;
    %load/v 8, v0x14e03f0_0, 8;
    %mov 16, 0, 24;
    %subi 8, 1, 32;
    %ix/load 0, 8, 0;
    %assign/v0 v0x14e03f0_0, 0, 8;
T_6.30 ;
    %jmp T_6.12;
T_6.9 ;
    %movi 8, 7, 8;
    %ix/load 0, 8, 0;
    %assign/v0 v0x14e03f0_0, 0, 8;
    %movi 8, 6, 8;
    %ix/load 0, 8, 0;
    %assign/v0 v0x14e0fb0_0, 0, 8;
    %jmp T_6.12;
T_6.10 ;
    %load/v 8, v0x14e0ce0_0, 1;
    %mov 9, 0, 1;
    %cmpi/u 8, 0, 2;
    %mov 8, 4, 1;
    %load/v 9, v0x14e0d60_0, 1;
    %mov 10, 0, 2;
    %cmpi/u 9, 1, 3;
    %mov 9, 4, 1;
    %and 8, 9, 1;
    %jmp/0xz  T_6.31, 8;
    %ix/load 0, 8, 0;
    %assign/v0 v0x14e0fb0_0, 0, 0;
    %jmp T_6.32;
T_6.31 ;
    %movi 8, 9, 8;
    %ix/load 0, 8, 0;
    %assign/v0 v0x14e0fb0_0, 0, 8;
T_6.32 ;
    %jmp T_6.12;
T_6.11 ;
    %ix/load 0, 8, 0;
    %assign/v0 v0x14e0fb0_0, 0, 0;
    %jmp T_6.12;
T_6.12 ;
T_6.1 ;
    %jmp T_6;
    .thread T_6;
    .scope S_0x14df540;
T_7 ;
    %wait E_0x14de5a0;
    %load/v 8, v0x14e0920_0, 1;
    %mov 9, 0, 1;
    %cmpi/u 8, 0, 2;
    %jmp/0xz  T_7.0, 4;
    %ix/load 0, 1, 0;
    %assign/v0 v0x14e0c10_0, 0, 0;
    %ix/load 0, 1, 0;
    %assign/v0 v0x14e0ce0_0, 0, 0;
    %jmp T_7.1;
T_7.0 ;
    %load/v 8, v0x14e0fb0_0, 8;
    %cmpi/u 8, 1, 8;
    %jmp/1 T_7.2, 6;
    %cmpi/u 8, 2, 8;
    %jmp/1 T_7.3, 6;
    %cmpi/u 8, 3, 8;
    %jmp/1 T_7.4, 6;
    %cmpi/u 8, 4, 8;
    %jmp/1 T_7.5, 6;
    %cmpi/u 8, 5, 8;
    %jmp/1 T_7.6, 6;
    %cmpi/u 8, 8, 8;
    %jmp/1 T_7.7, 6;
    %cmpi/u 8, 6, 8;
    %jmp/1 T_7.8, 6;
    %cmpi/u 8, 7, 8;
    %jmp/1 T_7.9, 6;
    %cmpi/u 8, 9, 8;
    %jmp/1 T_7.10, 6;
    %jmp T_7.11;
T_7.2 ;
    %ix/load 0, 1, 0;
    %assign/v0 v0x14e0c10_0, 0, 1;
    %jmp T_7.11;
T_7.3 ;
    %ix/getv 1, v0x14e03f0_0;
    %jmp/1 T_7.12, 4;
    %load/x1p 8, v0x14e0a50_0, 1;
    %jmp T_7.13;
T_7.12 ;
    %mov 8, 2, 1;
T_7.13 ;
; Save base=8 wid=1 in lookaside.
    %ix/load 0, 1, 0;
    %assign/v0 v0x14e0ce0_0, 0, 8;
    %jmp T_7.11;
T_7.4 ;
    %ix/load 0, 1, 0;
    %assign/v0 v0x14e0c10_0, 0, 0;
    %ix/load 0, 1, 0;
    %assign/v0 v0x14e0ce0_0, 0, 0;
    %jmp T_7.11;
T_7.5 ;
    %ix/load 0, 1, 0;
    %assign/v0 v0x14e0c10_0, 0, 1;
    %load/v 8, v0x14e02d0_0, 1;
    %mov 9, 0, 1;
    %cmpi/u 8, 0, 2;
    %jmp/0xz  T_7.14, 4;
    %ix/getv 1, v0x14e03f0_0;
    %jmp/1 T_7.16, 4;
    %load/x1p 8, v0x14e1130_0, 1;
    %jmp T_7.17;
T_7.16 ;
    %mov 8, 2, 1;
T_7.17 ;
; Save base=8 wid=1 in lookaside.
    %ix/load 0, 1, 0;
    %assign/v0 v0x14e0ce0_0, 0, 8;
    %jmp T_7.15;
T_7.14 ;
    %ix/getv 1, v0x14e03f0_0;
    %jmp/1 T_7.18, 4;
    %load/x1p 8, v0x14e1030_0, 1;
    %jmp T_7.19;
T_7.18 ;
    %mov 8, 2, 1;
T_7.19 ;
; Save base=8 wid=1 in lookaside.
    %ix/load 0, 1, 0;
    %assign/v0 v0x14e0ce0_0, 0, 8;
T_7.15 ;
    %jmp T_7.11;
T_7.6 ;
    %ix/load 0, 1, 0;
    %assign/v0 v0x14e0c10_0, 0, 1;
    %ix/load 0, 1, 0;
    %assign/v0 v0x14e0ce0_0, 0, 0;
    %jmp T_7.11;
T_7.7 ;
    %ix/load 0, 1, 0;
    %assign/v0 v0x14e0c10_0, 0, 1;
    %ix/load 0, 1, 0;
    %assign/v0 v0x14e0ce0_0, 0, 0;
    %jmp T_7.11;
T_7.8 ;
    %ix/load 0, 1, 0;
    %assign/v0 v0x14e0c10_0, 0, 0;
    %ix/load 0, 1, 0;
    %assign/v0 v0x14e0ce0_0, 0, 0;
    %load/v 8, v0x14e0590_0, 8;
    %ix/load 0, 8, 0;
    %set/x0 v0x14e08a0_0, 8, 8;
    %jmp T_7.11;
T_7.9 ;
    %ix/load 0, 1, 0;
    %assign/v0 v0x14e0c10_0, 0, 0;
    %ix/load 0, 1, 0;
    %assign/v0 v0x14e0ce0_0, 0, 1;
    %jmp T_7.11;
T_7.10 ;
    %ix/load 0, 1, 0;
    %assign/v0 v0x14e0c10_0, 0, 1;
    %ix/load 0, 1, 0;
    %assign/v0 v0x14e0ce0_0, 0, 1;
    %jmp T_7.11;
T_7.11 ;
T_7.1 ;
    %jmp T_7;
    .thread T_7;
    .scope S_0x1481d80;
T_8 ;
    %set/v v0x14defe0_0, 0, 1;
    %end;
    .thread T_8;
    .scope S_0x1481d80;
T_9 ;
    %set/v v0x14df060_0, 0, 1;
    %end;
    .thread T_9;
    .scope S_0x1481d80;
T_10 ;
    %set/v v0x14de750_0, 0, 1;
    %end;
    .thread T_10;
    .scope S_0x1481d80;
T_11 ;
    %set/v v0x14df2b0_0, 0, 8;
    %end;
    .thread T_11;
    .scope S_0x1481d80;
T_12 ;
    %wait E_0x1483530;
    %load/v 8, v0x14df060_0, 1;
    %mov 9, 0, 1;
    %cmpi/u 8, 0, 2;
    %mov 8, 4, 1;
    %load/v 9, v0x14dee90_0, 1;
    %mov 10, 0, 2;
    %cmpi/u 9, 1, 3;
    %mov 9, 4, 1;
    %and 8, 9, 1;
    %jmp/0xz  T_12.0, 8;
    %ix/load 0, 1, 0;
    %assign/v0 v0x14df060_0, 0, 1;
    %movi 8, 7, 8;
    %ix/load 0, 8, 0;
    %assign/v0 v0x14de8e0_0, 0, 8;
T_12.0 ;
    %jmp T_12;
    .thread T_12;
    .scope S_0x1481d80;
T_13 ;
    %wait E_0x1484730;
    %load/v 8, v0x14df060_0, 1;
    %mov 9, 0, 2;
    %cmpi/u 8, 1, 3;
    %mov 8, 4, 1;
    %load/v 9, v0x14dee90_0, 1;
    %mov 10, 0, 2;
    %cmpi/u 9, 1, 3;
    %mov 9, 4, 1;
    %and 8, 9, 1;
    %jmp/0xz  T_13.0, 8;
    %ix/load 0, 8, 0;
    %assign/v0 v0x14df2b0_0, 0, 0;
    %ix/load 0, 1, 0;
    %assign/v0 v0x14df060_0, 0, 0;
T_13.0 ;
    %jmp T_13;
    .thread T_13;
    .scope S_0x1481d80;
T_14 ;
    %wait E_0x1481ed0;
    %load/v 8, v0x14dedf0_0, 1;
    %mov 9, 0, 1;
    %cmpi/u 8, 0, 2;
    %jmp/0xz  T_14.0, 4;
    %ix/load 0, 8, 0;
    %assign/v0 v0x14de8e0_0, 0, 0;
    %ix/load 0, 16, 0;
    %assign/v0 v0x14df200_0, 0, 0;
    %ix/load 0, 16, 0;
    %assign/v0 v0x14df3f0_0, 0, 0;
    %ix/load 0, 1, 0;
    %assign/v0 v0x14defe0_0, 0, 0;
    %ix/load 0, 8, 0;
    %assign/v0 v0x14de980_0, 0, 0;
T_14.0 ;
    %load/v 8, v0x14df060_0, 1;
    %mov 9, 0, 2;
    %cmpi/u 8, 1, 3;
    %jmp/0xz  T_14.2, 4;
    %load/v 8, v0x14df2b0_0, 8;
    %cmpi/u 8, 0, 8;
    %jmp/1 T_14.4, 6;
    %cmpi/u 8, 1, 8;
    %jmp/1 T_14.5, 6;
    %cmpi/u 8, 2, 8;
    %jmp/1 T_14.6, 6;
    %cmpi/u 8, 4, 8;
    %jmp/1 T_14.7, 6;
    %cmpi/u 8, 3, 8;
    %jmp/1 T_14.8, 6;
    %cmpi/u 8, 5, 8;
    %jmp/1 T_14.9, 6;
    %cmpi/u 8, 6, 8;
    %jmp/1 T_14.10, 6;
    %jmp T_14.11;
T_14.4 ;
    %movi 8, 52428, 16;
    %set/v v0x14df200_0, 8, 16;
    %load/v 8, v0x14df180_0, 1;
    %ix/getv 1, v0x14de8e0_0;
    %jmp/1 t_1, 4;
    %ix/load 0, 1, 0;
    %assign/v0/x1 v0x14de670_0, 0, 8;
t_1 ;
    %load/v 8, v0x14de8e0_0, 8;
    %mov 16, 0, 1;
    %cmpi/u 8, 0, 9;
    %jmp/0xz  T_14.12, 4;
    %movi 8, 1, 8;
    %ix/load 0, 8, 0;
    %assign/v0 v0x14df2b0_0, 0, 8;
    %jmp T_14.13;
T_14.12 ;
    %load/v 8, v0x14de8e0_0, 8;
    %mov 16, 0, 24;
    %subi 8, 1, 32;
    %ix/load 0, 8, 0;
    %assign/v0 v0x14de8e0_0, 0, 8;
T_14.13 ;
    %jmp T_14.11;
T_14.5 ;
    %ix/load 1, 1, 0;
    %mov 4, 0, 1;
    %jmp/1 T_14.14, 4;
    %load/x1p 8, v0x14de670_0, 7;
    %jmp T_14.15;
T_14.14 ;
    %mov 8, 2, 7;
T_14.15 ;
; Save base=8 wid=7 in lookaside.
    %load/v 15, v0x14dea80_0, 7;
    %cmp/u 8, 15, 7;
    %jmp/0xz  T_14.16, 4;
    %movi 8, 7, 8;
    %ix/load 0, 8, 0;
    %assign/v0 v0x14de8e0_0, 0, 8;
    %load/v 8, v0x14de670_0, 1; Select 1 out of 8 bits
    %mov 9, 0, 1;
    %cmpi/u 8, 0, 2;
    %jmp/0xz  T_14.18, 4;
    %movi 8, 2, 8;
    %ix/load 0, 8, 0;
    %assign/v0 v0x14df2b0_0, 0, 8;
    %jmp T_14.19;
T_14.18 ;
    %movi 8, 3, 8;
    %ix/load 0, 8, 0;
    %assign/v0 v0x14df2b0_0, 0, 8;
T_14.19 ;
T_14.16 ;
    %jmp T_14.11;
T_14.6 ;
    %load/v 8, v0x14df180_0, 1;
    %ix/getv 1, v0x14de8e0_0;
    %jmp/1 t_2, 4;
    %ix/load 0, 1, 0;
    %assign/v0/x1 v0x14de980_0, 0, 8;
t_2 ;
    %load/v 8, v0x14de750_0, 1;
    %mov 9, 0, 1;
    %cmpi/u 8, 0, 2;
    %mov 8, 4, 1;
    %load/v 9, v0x14de8e0_0, 8;
    %mov 17, 0, 1;
    %cmpi/u 9, 0, 9;
    %mov 9, 4, 1;
    %and 8, 9, 1;
    %jmp/0xz  T_14.20, 8;
    %movi 8, 1, 8;
    %ix/load 0, 8, 0;
    %assign/v0 v0x14df2b0_0, 0, 8;
    %ix/load 0, 1, 0;
    %assign/v0 v0x14de750_0, 0, 1;
    %jmp T_14.21;
T_14.20 ;
    %load/v 8, v0x14de750_0, 1;
    %mov 9, 0, 2;
    %cmpi/u 8, 1, 3;
    %mov 8, 4, 1;
    %load/v 9, v0x14de8e0_0, 8;
    %mov 17, 0, 1;
    %cmpi/u 9, 0, 9;
    %mov 9, 4, 1;
    %and 8, 9, 1;
    %jmp/0xz  T_14.22, 8;
    %load/v 8, v0x14de980_0, 8;
    %ix/load 0, 8, 0;
    %ix/load 1, 0, 0;
    %assign/v0/x1 v0x14df3f0_0, 0, 8;
    %movi 8, 4, 8;
    %ix/load 0, 8, 0;
    %assign/v0 v0x14df2b0_0, 0, 8;
    %ix/load 0, 1, 0;
    %assign/v0 v0x14de750_0, 0, 0;
    %jmp T_14.23;
T_14.22 ;
    %load/v 8, v0x14de8e0_0, 8;
    %mov 16, 0, 24;
    %subi 8, 1, 32;
    %ix/load 0, 8, 0;
    %assign/v0 v0x14de8e0_0, 0, 8;
T_14.23 ;
T_14.21 ;
    %jmp T_14.11;
T_14.7 ;
    %ix/load 0, 8, 0;
    %assign/v0 v0x14df2b0_0, 0, 0;
    %jmp T_14.11;
T_14.8 ;
    %load/v 8, v0x14de750_0, 1;
    %mov 9, 0, 1;
    %cmpi/u 8, 0, 2;
    %mov 8, 4, 1;
    %load/v 9, v0x14de8e0_0, 8;
    %mov 17, 0, 1;
    %cmpi/u 9, 0, 9;
    %mov 9, 4, 1;
    %and 8, 9, 1;
    %jmp/0xz  T_14.24, 8;
    %movi 8, 5, 8;
    %ix/load 0, 8, 0;
    %assign/v0 v0x14df2b0_0, 0, 8;
    %ix/load 0, 1, 0;
    %assign/v0 v0x14de750_0, 0, 1;
T_14.24 ;
    %load/v 8, v0x14de750_0, 1;
    %mov 9, 0, 2;
    %cmpi/u 8, 1, 3;
    %mov 8, 4, 1;
    %load/v 9, v0x14de8e0_0, 8;
    %mov 17, 0, 1;
    %cmpi/u 9, 0, 9;
    %mov 9, 4, 1;
    %and 8, 9, 1;
    %jmp/0xz  T_14.26, 8;
    %movi 8, 6, 8;
    %ix/load 0, 8, 0;
    %assign/v0 v0x14df2b0_0, 0, 8;
T_14.26 ;
    %load/v 8, v0x14de8e0_0, 8;
    %mov 16, 0, 1;
    %cmpi/u 8, 0, 9;
    %inv 4, 1;
    %jmp/0xz  T_14.28, 4;
    %load/v 8, v0x14de8e0_0, 8;
    %mov 16, 0, 24;
    %subi 8, 1, 32;
    %ix/load 0, 8, 0;
    %assign/v0 v0x14de8e0_0, 0, 8;
T_14.28 ;
    %jmp T_14.11;
T_14.9 ;
    %movi 8, 7, 8;
    %ix/load 0, 8, 0;
    %assign/v0 v0x14de8e0_0, 0, 8;
    %load/v 8, v0x14df180_0, 1;
    %mov 9, 0, 1;
    %cmpi/u 8, 0, 2;
    %jmp/0xz  T_14.30, 4;
    %movi 8, 3, 8;
    %ix/load 0, 8, 0;
    %assign/v0 v0x14df2b0_0, 0, 8;
    %jmp T_14.31;
T_14.30 ;
    %ix/load 0, 8, 0;
    %assign/v0 v0x14df2b0_0, 0, 0;
T_14.31 ;
    %jmp T_14.11;
T_14.10 ;
    %load/v 8, v0x14df180_0, 1;
    %mov 9, 0, 2;
    %cmpi/u 8, 1, 3;
    %jmp/0xz  T_14.32, 4;
    %ix/load 0, 8, 0;
    %assign/v0 v0x14df2b0_0, 0, 0;
    %jmp T_14.33;
T_14.32 ;
    %ix/load 0, 8, 0;
    %assign/v0 v0x14df2b0_0, 0, 0;
T_14.33 ;
    %jmp T_14.11;
T_14.11 ;
T_14.2 ;
    %jmp T_14;
    .thread T_14;
    .scope S_0x1481d80;
T_15 ;
    %wait E_0x1485900;
    %load/v 8, v0x14df2b0_0, 8;
    %cmpi/u 8, 1, 8;
    %jmp/1 T_15.0, 6;
    %cmpi/u 8, 2, 8;
    %jmp/1 T_15.1, 6;
    %cmpi/u 8, 3, 8;
    %jmp/1 T_15.2, 6;
    %cmpi/u 8, 4, 8;
    %jmp/1 T_15.3, 6;
    %jmp T_15.4;
T_15.0 ;
    %ix/load 0, 1, 0;
    %assign/v0 v0x14defe0_0, 0, 0;
    %jmp T_15.4;
T_15.1 ;
    %ix/load 0, 1, 0;
    %assign/v0 v0x14defe0_0, 0, 0;
    %load/v 8, v0x14de980_0, 8;
    %ix/load 0, 8, 0;
    %ix/load 1, 8, 0;
    %assign/v0/x1 v0x14df3f0_0, 0, 8;
    %jmp T_15.4;
T_15.2 ;
    %load/v 8, v0x14de750_0, 1;
    %mov 9, 0, 1;
    %cmpi/u 8, 0, 2;
    %jmp/0xz  T_15.5, 4;
    %ix/getv 1, v0x14de8e0_0;
    %jmp/1 T_15.7, 4;
    %load/x1p 8, v0x14dec30_0, 1;
    %jmp T_15.8;
T_15.7 ;
    %mov 8, 2, 1;
T_15.8 ;
; Save base=8 wid=1 in lookaside.
    %ix/load 0, 1, 0;
    %assign/v0 v0x14defe0_0, 0, 8;
    %jmp T_15.6;
T_15.5 ;
    %ix/getv 1, v0x14de8e0_0;
    %jmp/1 T_15.9, 4;
    %load/x1p 8, v0x14decd0_0, 1;
    %jmp T_15.10;
T_15.9 ;
    %mov 8, 2, 1;
T_15.10 ;
; Save base=8 wid=1 in lookaside.
    %ix/load 0, 1, 0;
    %assign/v0 v0x14defe0_0, 0, 8;
T_15.6 ;
    %jmp T_15.4;
T_15.3 ;
    %ix/load 0, 1, 0;
    %assign/v0 v0x14defe0_0, 0, 0;
    %jmp T_15.4;
T_15.4 ;
    %jmp T_15;
    .thread T_15;
    .scope S_0x1483170;
T_16 ;
    %set/v v0x14e1540_0, 1, 1;
    %end;
    .thread T_16;
    .scope S_0x1483170;
T_17 ;
    %set/v v0x14e1930_0, 0, 1;
    %end;
    .thread T_17;
    .scope S_0x1483170;
T_18 ;
    %set/v v0x14e1340_0, 0, 1;
T_18.0 ;
    %load/v 8, v0x14e1340_0, 1;
    %inv 8, 1;
    %set/v v0x14e12c0_0, 8, 1;
    %movi 8, 1000, 11;
    %ix/get 0, 8, 11;
    %delayx 0;
    %load/v 8, v0x14e12c0_0, 1;
    %set/v v0x14e1340_0, 8, 1;
    %jmp T_18.0;
    %end;
    .thread T_18;
    .scope S_0x1483170;
T_19 ;
    %set/v v0x14e1340_0, 0, 1;
    %set/v v0x14e1540_0, 0, 1;
    %delay 100000, 0;
    %set/v v0x14e1540_0, 1, 1;
    %movi 8, 63, 7;
    %set/v v0x14e13c0_0, 8, 7;
    %movi 8, 63, 7;
    %set/v v0x14e1440_0, 8, 7;
    %set/v v0x14e15c0_0, 0, 1;
    %set/v v0x14e1930_0, 1, 1;
    %delay 10000, 0;
    %set/v v0x14e1930_0, 0, 1;
    %delay 250000, 0;
    %set/v v0x14e1540_0, 0, 1;
    %delay 100000, 0;
    %set/v v0x14e1540_0, 1, 1;
    %movi 8, 63, 7;
    %set/v v0x14e13c0_0, 8, 7;
    %movi 8, 63, 7;
    %set/v v0x14e1440_0, 8, 7;
    %set/v v0x14e15c0_0, 1, 1;
    %set/v v0x14e1930_0, 1, 1;
    %delay 10000, 0;
    %set/v v0x14e1930_0, 0, 1;
    %delay 250000, 0;
    %set/v v0x14e1540_0, 0, 1;
    %delay 100000, 0;
    %set/v v0x14e1540_0, 1, 1;
    %movi 8, 63, 7;
    %set/v v0x14e13c0_0, 8, 7;
    %movi 8, 47, 7;
    %set/v v0x14e1440_0, 8, 7;
    %set/v v0x14e15c0_0, 1, 1;
    %set/v v0x14e1930_0, 1, 1;
    %delay 10000, 0;
    %set/v v0x14e1930_0, 0, 1;
    %delay 250000, 0;
    %vpi_call 3 103 "$finish";
    %end;
    .thread T_19;
    .scope S_0x14908d0;
T_20 ;
    %vpi_call 2 25 "$dumpfile", "test.vcd";
    %vpi_call 2 26 "$dumpvars", 3'sb111, S_0x1483170;
    %end;
    .thread T_20;
# The file index is used to find the file name in the following table.
:file_names 6;
    "N/A";
    "<interactive>";
    "testbench.sv";
    "./i2c_tester.v";
    "./i2c_generador.v";
    "./i2c_receptor.v";
